[    0.000000] Initializing cgroup subsys cpuset
[    0.000000] Initializing cgroup subsys cpu
[    0.000000] Initializing cgroup subsys cpuacct
[    0.000000] Linux version 4.4.0-159-generic (buildd@lgw01-amd64-042) (gcc version 5.4.0 20160609 (Ubuntu 5.4.0-6ubuntu1~16.04.10) ) #187-Ubuntu SMP Thu Aug 1 16:28:06 UTC 2019 (Ubuntu 4.4.0-159.187-generic 4.4.185)
[    0.000000] Command line: BOOT_IMAGE=/boot/vmlinuz-4.4.0-159-generic root=LABEL=cloudimg-rootfs ro console=tty1 console=ttyS0
[    0.000000] KERNEL supported cpus:
[    0.000000]   Intel GenuineIntel
[    0.000000]   AMD AuthenticAMD
[    0.000000]   Centaur CentaurHauls
[    0.000000] x86/fpu: xstate_offset[2]:  576, xstate_sizes[2]:  256
[    0.000000] x86/fpu: Supporting XSAVE feature 0x01: 'x87 floating point registers'
[    0.000000] x86/fpu: Supporting XSAVE feature 0x02: 'SSE registers'
[    0.000000] x86/fpu: Supporting XSAVE feature 0x04: 'AVX registers'
[    0.000000] x86/fpu: Enabled xstate features 0x7, context size is 832 bytes, using 'standard' format.
[    0.000000] e820: BIOS-provided physical RAM map:
[    0.000000] BIOS-e820: [mem 0x0000000000000000-0x000000000009fbff] usable
[    0.000000] BIOS-e820: [mem 0x000000000009fc00-0x000000000009ffff] reserved
[    0.000000] BIOS-e820: [mem 0x00000000000f0000-0x00000000000fffff] reserved
[    0.000000] BIOS-e820: [mem 0x0000000000100000-0x000000003ffeffff] usable
[    0.000000] BIOS-e820: [mem 0x000000003fff0000-0x000000003fffffff] ACPI data
[    0.000000] BIOS-e820: [mem 0x00000000fec00000-0x00000000fec00fff] reserved
[    0.000000] BIOS-e820: [mem 0x00000000fee00000-0x00000000fee00fff] reserved
[    0.000000] BIOS-e820: [mem 0x00000000fffc0000-0x00000000ffffffff] reserved
[    0.000000] NX (Execute Disable) protection: active
[    0.000000] SMBIOS 2.5 present.
[    0.000000] Hypervisor detected: KVM
[    0.000000] e820: last_pfn = 0x3fff0 max_arch_pfn = 0x400000000
[    0.000000] MTRR: Disabled
[    0.000000] x86/PAT: MTRRs disabled, skipping PAT initialization too.
[    0.000000] CPU MTRRs all blank - virtualized system.
[    0.000000] x86/PAT: Configuration [0-7]: WB  WT  UC- UC  WB  WT  UC- UC  
[    0.000000] found SMP MP-table at [mem 0x0009fff0-0x0009ffff] mapped at [ffff88000009fff0]
[    0.000000] Scanning 1 areas for low memory corruption
[    0.000000] RAMDISK: [mem 0x362f8000-0x37173fff]
[    0.000000] ACPI: Early table checksum verification disabled
[    0.000000] ACPI: RSDP 0x00000000000E0000 000024 (v02 VBOX  )
[    0.000000] ACPI: XSDT 0x000000003FFF0030 00003C (v01 VBOX   VBOXXSDT 00000001 ASL  00000061)
[    0.000000] ACPI: FACP 0x000000003FFF00F0 0000F4 (v04 VBOX   VBOXFACP 00000001 ASL  00000061)
[    0.000000] ACPI: DSDT 0x000000003FFF0470 0022EA (v02 VBOX   VBOXBIOS 00000002 INTL 20100528)
[    0.000000] ACPI: FACS 0x000000003FFF0200 000040
[    0.000000] ACPI: FACS 0x000000003FFF0200 000040
[    0.000000] ACPI: APIC 0x000000003FFF0240 00005C (v02 VBOX   VBOXAPIC 00000001 ASL  00000061)
[    0.000000] ACPI: SSDT 0x000000003FFF02A0 0001CC (v01 VBOX   VBOXCPUT 00000002 INTL 20100528)
[    0.000000] No NUMA configuration found
[    0.000000] Faking a node at [mem 0x0000000000000000-0x000000003ffeffff]
[    0.000000] NODE_DATA(0) allocated [mem 0x3ffeb000-0x3ffeffff]
[    0.000000] kvm-clock: Using msrs 4b564d01 and 4b564d00
[    0.000000] kvm-clock: cpu 0, msr 0:3ffe3001, primary cpu clock
[    0.000000] kvm-clock: using sched offset of 3450006477 cycles
[    0.000000] clocksource: kvm-clock: mask: 0xffffffffffffffff max_cycles: 0x1cd42e4dffb, max_idle_ns: 881590591483 ns
[    0.000000] Zone ranges:
[    0.000000]   DMA      [mem 0x0000000000001000-0x0000000000ffffff]
[    0.000000]   DMA32    [mem 0x0000000001000000-0x000000003ffeffff]
[    0.000000]   Normal   empty
[    0.000000]   Device   empty
[    0.000000] Movable zone start for each node
[    0.000000] Early memory node ranges
[    0.000000]   node   0: [mem 0x0000000000001000-0x000000000009efff]
[    0.000000]   node   0: [mem 0x0000000000100000-0x000000003ffeffff]
[    0.000000] Initmem setup node 0 [mem 0x0000000000001000-0x000000003ffeffff]
[    0.000000] ACPI: PM-Timer IO Port: 0x4008
[    0.000000] IOAPIC[0]: apic_id 2, version 32, address 0xfec00000, GSI 0-23
[    0.000000] ACPI: INT_SRC_OVR (bus 0 bus_irq 0 global_irq 2 dfl dfl)
[    0.000000] ACPI: INT_SRC_OVR (bus 0 bus_irq 9 global_irq 9 low level)
[    0.000000] Using ACPI (MADT) for SMP configuration information
[    0.000000] smpboot: Allowing 2 CPUs, 0 hotplug CPUs
[    0.000000] PM: Registered nosave memory: [mem 0x00000000-0x00000fff]
[    0.000000] PM: Registered nosave memory: [mem 0x0009f000-0x0009ffff]
[    0.000000] PM: Registered nosave memory: [mem 0x000a0000-0x000effff]
[    0.000000] PM: Registered nosave memory: [mem 0x000f0000-0x000fffff]
[    0.000000] e820: [mem 0x40000000-0xfebfffff] available for PCI devices
[    0.000000] Booting paravirtualized kernel on KVM
[    0.000000] clocksource: refined-jiffies: mask: 0xffffffff max_cycles: 0xffffffff, max_idle_ns: 7645519600211568 ns
[    0.000000] setup_percpu: NR_CPUS:512 nr_cpumask_bits:512 nr_cpu_ids:2 nr_node_ids:1
[    0.000000] PERCPU: Embedded 34 pages/cpu @ffff88003fc00000 s99544 r8192 d31528 u1048576
[    0.000000] Built 1 zonelists in Node order, mobility grouping on.  Total pages: 257912
[    0.000000] Policy zone: DMA32
[    0.000000] Kernel command line: BOOT_IMAGE=/boot/vmlinuz-4.4.0-159-generic root=LABEL=cloudimg-rootfs ro console=tty1 console=ttyS0
[    0.000000] PID hash table entries: 4096 (order: 3, 32768 bytes)
[    0.000000] Memory: 997724K/1048120K available (8618K kernel code, 1335K rwdata, 4032K rodata, 1488K init, 1284K bss, 50396K reserved, 0K cma-reserved)
[    0.000000] SLUB: HWalign=64, Order=0-3, MinObjects=0, CPUs=2, Nodes=1
[    0.000000] Kernel/User page tables isolation: enabled
[    0.000000] Hierarchical RCU implementation.
[    0.000000] 	Build-time adjustment of leaf fanout to 64.
[    0.000000] 	RCU restricting CPUs from NR_CPUS=512 to nr_cpu_ids=2.
[    0.000000] RCU: Adjusting geometry for rcu_fanout_leaf=64, nr_cpu_ids=2
[    0.000000] NR_IRQS:33024 nr_irqs:440 16
[    0.000000] Console: colour VGA+ 80x25
[    0.000000] console [tty1] enabled
[    0.000000] console [ttyS0] enabled
[    0.000000] tsc: Detected 2712.004 MHz processor
[    0.220654] Calibrating delay loop (skipped) preset value.. 5424.00 BogoMIPS (lpj=10848016)
[    0.222883] pid_max: default: 32768 minimum: 301
[    0.224097] ACPI: Core revision 20150930
[    0.227101] ACPI: 2 ACPI AML tables successfully acquired and loaded
[    0.228919] Security Framework initialized
[    0.229987] Yama: becoming mindful.
[    0.230959] AppArmor: AppArmor initialized
[    0.232152] Dentry cache hash table entries: 131072 (order: 8, 1048576 bytes)
[    0.235405] Inode-cache hash table entries: 65536 (order: 7, 524288 bytes)
[    0.237123] Mount-cache hash table entries: 2048 (order: 2, 16384 bytes)
[    0.238666] Mountpoint-cache hash table entries: 2048 (order: 2, 16384 bytes)
[    0.240504] Initializing cgroup subsys io
[    0.241560] Initializing cgroup subsys memory
[    0.242680] Initializing cgroup subsys devices
[    0.243813] Initializing cgroup subsys freezer
[    0.245099] Initializing cgroup subsys net_cls
[    0.246303] Initializing cgroup subsys perf_event
[    0.247482] Initializing cgroup subsys net_prio
[    0.248657] Initializing cgroup subsys hugetlb
[    0.249807] Initializing cgroup subsys pids
[    0.252697] mce: CPU supports 0 MCE banks
[    0.253798] Last level iTLB entries: 4KB 64, 2MB 8, 4MB 8
[    0.255115] Last level dTLB entries: 4KB 64, 2MB 0, 4MB 0, 1GB 4
[    0.256580] Spectre V1 : Mitigation: usercopy/swapgs barriers and __user pointer sanitization
[    0.258721] Spectre V2 : Mitigation: Full generic retpoline
[    0.260099] Spectre V2 : Spectre v2 / SpectreRSB mitigation: Filling RSB on context switch
[    0.262416] Speculative Store Bypass: Vulnerable
[    0.263668] MDS: Vulnerable: Clear CPU buffers attempted, no microcode
[    0.268979] Freeing SMP alternatives memory: 36K
[    0.278264] ftrace: allocating 32318 entries in 127 pages
[    0.374182] smpboot: APIC(0) Converting physical 0 to logical package 0
[    0.375738] smpboot: Max logical packages: 1
[    0.377492] x2apic enabled
[    0.378674] Switched APIC routing to physical x2apic.
[    0.381566] ..TIMER: vector=0x30 apic1=0 pin1=2 apic2=-1 pin2=-1
[    0.488775] smpboot: CPU0: Intel(R) Core(TM) i5-7200U CPU @ 2.50GHz (family: 0x6, model: 0x8e, stepping: 0x9)
[    0.491618] Performance Events: unsupported p6 CPU model 142 no PMU driver, software events only.
[    0.504882] KVM setup paravirtual spinlock
[    0.506744] x86: Booting SMP configuration:
[    0.507887] .... node  #0, CPUs:      #1
[    0.508988] kvm-clock: cpu 1, msr 0:3ffe3041, secondary cpu clock
[    0.513688] mce: CPU supports 0 MCE banks
[    0.516675] x86: Booted up 1 node, 2 CPUs
[    0.518037] smpboot: Total of 2 processors activated (10848.01 BogoMIPS)
[    0.520036] devtmpfs: initialized
[    0.522901] evm: security.selinux
[    0.523837] evm: security.SMACK64
[    0.524802] evm: security.SMACK64EXEC
[    0.525895] evm: security.SMACK64TRANSMUTE
[    0.526975] evm: security.SMACK64MMAP
[    0.528162] evm: security.ima
[    0.529072] evm: security.capability
[    0.530353] clocksource: jiffies: mask: 0xffffffff max_cycles: 0xffffffff, max_idle_ns: 7645041785100000 ns
[    0.532790] futex hash table entries: 512 (order: 3, 32768 bytes)
[    0.534343] pinctrl core: initialized pinctrl subsystem
[    0.535789] RTC time: 11:51:01, date: 08/23/19
[    0.537176] NET: Registered protocol family 16
[    0.550265] cpuidle: using governor ladder
[    0.561812] cpuidle: using governor menu
[    0.563067] PCCT header not found.
[    0.564134] ACPI: bus type PCI registered
[    0.565378] acpiphp: ACPI Hot Plug PCI Controller Driver version: 0.5
[    0.567279] PCI: Using configuration type 1 for base access
[    0.583418] ACPI: Added _OSI(Module Device)
[    0.584614] ACPI: Added _OSI(Processor Device)
[    0.586106] ACPI: Added _OSI(3.0 _SCP Extensions)
[    0.587352] ACPI: Added _OSI(Processor Aggregator Device)
[    0.589497] ACPI: Executed 1 blocks of module-level executable AML code
[    0.593886] ACPI: Interpreter enabled
[    0.595041] ACPI: (supports S0 S5)
[    0.596254] ACPI: Using IOAPIC for interrupt routing
[    0.597833] PCI: Using host bridge windows from ACPI; if necessary, use "pci=nocrs" and report a bug
[    0.604319] ACPI: PCI Root Bridge [PCI0] (domain 0000 [bus 00-ff])
[    0.606050] acpi PNP0A03:00: _OSC: OS supports [ASPM ClockPM Segments MSI]
[    0.608082] acpi PNP0A03:00: _OSC: not requesting OS control; OS requires [ExtendedConfig ASPM ClockPM MSI]
[    0.610637] acpi PNP0A03:00: fail to add MMCONFIG information, can't access extended PCI configuration space under this bridge.
[    0.613729] PCI host bridge to bus 0000:00
[    0.614846] pci_bus 0000:00: root bus resource [io  0x0000-0x0cf7 window]
[    0.616752] pci_bus 0000:00: root bus resource [io  0x0d00-0xffff window]
[    0.618479] pci_bus 0000:00: root bus resource [mem 0x000a0000-0x000bffff window]
[    0.620583] pci_bus 0000:00: root bus resource [mem 0x40000000-0xfdffffff window]
[    0.622989] pci_bus 0000:00: root bus resource [bus 00-ff]
[    0.626538] pci 0000:00:01.1: legacy IDE quirk: reg 0x10: [io  0x01f0-0x01f7]
[    0.628559] pci 0000:00:01.1: legacy IDE quirk: reg 0x14: [io  0x03f6]
[    0.630175] pci 0000:00:01.1: legacy IDE quirk: reg 0x18: [io  0x0170-0x0177]
[    0.631812] pci 0000:00:01.1: legacy IDE quirk: reg 0x1c: [io  0x0376]
[    0.670099] pci 0000:00:07.0: quirk: [io  0x4000-0x403f] claimed by PIIX4 ACPI
[    0.672145] pci 0000:00:07.0: quirk: [io  0x4100-0x410f] claimed by PIIX4 SMB
[    0.688269] ACPI: PCI Interrupt Link [LNKA] (IRQs 5 9 10 *11)
[    0.690619] ACPI: PCI Interrupt Link [LNKB] (IRQs 5 9 *10 11)
[    0.692886] ACPI: PCI Interrupt Link [LNKC] (IRQs 5 *9 10 11)
[    0.695071] ACPI: PCI Interrupt Link [LNKD] (IRQs 5 9 10 *11)
[    0.697702] ACPI: Enabled 2 GPEs in block 00 to 07
[    0.699469] vgaarb: setting as boot device: PCI:0000:00:02.0
[    0.700884] vgaarb: device added: PCI:0000:00:02.0,decodes=io+mem,owns=io+mem,locks=none
[    0.703116] vgaarb: loaded
[    0.703952] vgaarb: bridge control possible 0000:00:02.0
[    0.705615] SCSI subsystem initialized
[    0.706967] ACPI: bus type USB registered
[    0.708080] usbcore: registered new interface driver usbfs
[    0.709478] usbcore: registered new interface driver hub
[    0.710968] usbcore: registered new device driver usb
[    0.712512] PCI: Using ACPI for IRQ routing
[    0.715771] NetLabel: Initializing
[    0.717057] NetLabel:  domain hash size = 128
[    0.718437] NetLabel:  protocols = UNLABELED CIPSOv4
[    0.721475] NetLabel:  unlabeled traffic allowed by default
[    0.723171] amd_nb: Cannot enumerate AMD northbridges
[    0.725426] clocksource: Switched to clocksource kvm-clock
[    0.736172] AppArmor: AppArmor Filesystem Enabled
[    0.737580] pnp: PnP ACPI init
[    0.739454] pnp: PnP ACPI: found 3 devices
[    0.751283] clocksource: acpi_pm: mask: 0xffffff max_cycles: 0xffffff, max_idle_ns: 2085701024 ns
[    0.753904] NET: Registered protocol family 2
[    0.755370] TCP established hash table entries: 8192 (order: 4, 65536 bytes)
[    0.757430] TCP bind hash table entries: 8192 (order: 5, 131072 bytes)
[    0.759102] TCP: Hash tables configured (established 8192 bind 8192)
[    0.760702] UDP hash table entries: 512 (order: 2, 16384 bytes)
[    0.762256] UDP-Lite hash table entries: 512 (order: 2, 16384 bytes)
[    0.763853] NET: Registered protocol family 1
[    0.765042] pci 0000:00:00.0: Limiting direct PCI/PCI transfers
[    0.766857] pci 0000:00:01.0: Activating ISA DMA hang workarounds
[    0.768543] Unpacking initramfs...
[    1.018061] Freeing initrd memory: 14832K
[    1.019441] clocksource: tsc: mask: 0xffffffffffffffff max_cycles: 0x27178a49c0e, max_idle_ns: 440795317528 ns
[    1.022090] platform rtc_cmos: registered platform RTC device (no PNP device found)
[    1.024244] Scanning for low memory corruption every 60 seconds
[    1.026193] audit: initializing netlink subsys (disabled)
[    1.027656] audit: type=2000 audit(1566561067.564:1): initialized
[    1.029456] Initialise system trusted keyring
[    1.030811] HugeTLB registered 2 MB page size, pre-allocated 0 pages
[    1.033676] zbud: loaded
[    1.034958] VFS: Disk quotas dquot_6.6.0
[    1.036097] VFS: Dquot-cache hash table entries: 512 (order 0, 4096 bytes)
[    1.038149] squashfs: version 4.0 (2009/01/31) Phillip Lougher
[    1.040005] fuse init (API version 7.23)
[    1.041246] Key type big_key registered
[    1.042502] Allocating IMA MOK and blacklist keyrings.
[    1.045520] Key type asymmetric registered
[    1.046816] Asymmetric key parser 'x509' registered
[    1.048095] Block layer SCSI generic (bsg) driver version 0.4 loaded (major 249)
[    1.050168] io scheduler noop registered
[    1.051220] io scheduler deadline registered (default)
[    1.052518] io scheduler cfq registered
[    1.053647] pci_hotplug: PCI Hot Plug PCI Core version: 0.5
[    1.055424] pciehp: PCI Express Hot Plug Controller Driver version: 0.4
[    1.057430] ACPI: AC Adapter [AC] (on-line)
[    1.058767] input: Power Button as /devices/LNXSYSTM:00/LNXPWRBN:00/input/input0
[    1.060879] ACPI: Power Button [PWRF]
[    1.062037] input: Sleep Button as /devices/LNXSYSTM:00/LNXSLPBN:00/input/input1
[    1.064108] ACPI: Sleep Button [SLPF]
[    1.066466] ACPI: Battery Slot [BAT0] (battery present)
[    1.067935] GHES: HEST is not enabled!
[    1.069183] Serial: 8250/16550 driver, 32 ports, IRQ sharing enabled
[    1.091827] 00:02: ttyS0 at I/O 0x3f8 (irq = 4, base_baud = 115200) is a 16550A
[    1.095094] Linux agpgart interface v0.103
[    1.098725] loop: module loaded
[    1.100532] scsi host0: ata_piix
[    1.101845] scsi host1: ata_piix
[    1.102843] ata1: PATA max UDMA/33 cmd 0x1f0 ctl 0x3f6 bmdma 0xd000 irq 14
[    1.104552] ata2: PATA max UDMA/33 cmd 0x170 ctl 0x376 bmdma 0xd008 irq 15
[    1.106638] libphy: Fixed MDIO Bus: probed
[    1.107828] tun: Universal TUN/TAP device driver, 1.6
[    1.109141] tun: (C) 1999-2004 Max Krasnyansky <maxk@qualcomm.com>
[    1.111082] PPP generic driver version 2.4.2
[    1.112374] ehci_hcd: USB 2.0 'Enhanced' Host Controller (EHCI) Driver
[    1.113909] ehci-pci: EHCI PCI platform driver
[    1.115164] ehci-platform: EHCI generic platform driver
[    1.116547] ohci_hcd: USB 1.1 'Open' Host Controller (OHCI) Driver
[    1.118049] ohci-pci: OHCI PCI platform driver
[    1.119288] ohci-platform: OHCI generic platform driver
[    1.120626] uhci_hcd: USB Universal Host Controller Interface driver
[    1.122365] i8042: PNP: PS/2 Controller [PNP0303:PS2K,PNP0f03:PS2M] at 0x60,0x64 irq 1,12
[    1.125206] serio: i8042 KBD port at 0x60,0x64 irq 1
[    1.126511] serio: i8042 AUX port at 0x60,0x64 irq 12
[    1.128052] mousedev: PS/2 mouse device common for all mice
[    1.129996] rtc_cmos rtc_cmos: rtc core: registered rtc_cmos as rtc0
[    1.131601] rtc_cmos rtc_cmos: alarms up to one day, 114 bytes nvram
[    1.133164] input: AT Translated Set 2 keyboard as /devices/platform/i8042/serio0/input/input2
[    1.135617] i2c /dev entries driver
[    1.136770] device-mapper: uevent: version 1.0.3
[    1.138098] device-mapper: ioctl: 4.34.0-ioctl (2015-10-28) initialised: dm-devel@redhat.com
[    1.140386] ledtrig-cpu: registered to indicate activity on CPUs
[    1.142635] NET: Registered protocol family 10
[    1.144207] NET: Registered protocol family 17
[    1.145560] Key type dns_resolver registered
[    1.147394] registered taskstats version 1
[    1.148941] Loading compiled-in X.509 certificates
[    1.150847] Loaded X.509 cert 'Build time autogenerated kernel key: d14182f9795b80ec340f636a5a08bf5817ccd8e7'
[    1.153331] zswap: loaded using pool lzo/zbud
[    1.156972] Key type trusted registered
[    1.163886] Key type encrypted registered
[    1.165308] AppArmor: AppArmor sha1 policy hashing enabled
[    1.167622] ima: No TPM chip found, activating TPM-bypass!
[    1.169705] ima: Allocated hash algorithm: sha1
[    1.171722] evm: HMAC attrs: 0x1
[    1.174020]   Magic number: 15:246:884
[    1.175487] rtc_cmos rtc_cmos: setting system clock to 2019-08-23 11:51:02 UTC (1566561062)
[    1.178879] BIOS EDD facility v0.16 2004-Jun-25, 0 devices found
[    1.180893] EDD information not available.
[    1.266720] Freeing unused kernel memory: 1488K
[    1.268521] Write protecting the kernel read-only data: 14336k
[    1.271271] Freeing unused kernel memory: 1608K
[    1.274671] Freeing unused kernel memory: 64K
Loading, please wait...
starting version 229
[    1.291061] random: systemd-udevd: uninitialized urandom read (16 bytes read, 3 bits of entropy available)
[    1.292174] random: udevadm: uninitialized urandom read (16 bytes read, 3 bits of entropy available)
[    1.292202] random: udevadm: uninitialized urandom read (16 bytes read, 3 bits of entropy available)
[    1.299922] random: systemd-udevd: uninitialized urandom read (16 bytes read, 3 bits of entropy available)
[    1.303054] random: systemd-udevd: uninitialized urandom read (16 bytes read, 3 bits of entropy available)
[    1.303236] random: udevadm: uninitialized urandom read (16 bytes read, 3 bits of entropy available)
[    1.303303] random: udevadm: uninitialized urandom read (16 bytes read, 3 bits of entropy available)
[    1.303553] random: udevadm: uninitialized urandom read (16 bytes read, 3 bits of entropy available)
[    1.303641] random: udevadm: uninitialized urandom read (16 bytes read, 3 bits of entropy available)
[    1.303755] random: udevadm: uninitialized urandom read (16 bytes read, 3 bits of entropy available)
[    1.359110] e1000: Intel(R) PRO/1000 Network Driver - version 7.3.21-k8-NAPI
[    1.361517] e1000: Copyright (c) 1999-2006 Intel Corporation.
[    1.367930] Fusion MPT base driver 3.04.20
[    1.369159] Copyright (c) 1999-2008 LSI Corporation
[    1.386987] AVX2 version of gcm_enc/dec engaged.
[    1.388216] AES CTR mode by8 optimization enabled
[    1.389940] Fusion MPT SPI Host driver 3.04.20
[    1.572658] input: ImExPS/2 Generic Explorer Mouse as /devices/platform/i8042/serio1/input/input4
[    1.755428] e1000 0000:00:03.0 eth0: (PCI:33MHz:32-bit) 02:6a:5b:40:72:6f
[    1.757176] e1000 0000:00:03.0 eth0: Intel(R) PRO/1000 Network Connection
[    2.165855] e1000 0000:00:08.0 eth1: (PCI:33MHz:32-bit) 08:00:27:be:37:0d
[    2.167607] e1000 0000:00:08.0 eth1: Intel(R) PRO/1000 Network Connection
[    2.170977] e1000 0000:00:03.0 enp0s3: renamed from eth0
[    2.172453] mptbase: ioc0: Initiating bringup
[    2.182664] e1000 0000:00:08.0 enp0s8: renamed from eth1
[    2.242960] ioc0: LSI53C1030 A0: Capabilities={Initiator}
[    2.408732] scsi host2: ioc0: LSI53C1030 A0, FwRev=00000000h, Ports=1, MaxQ=256, IRQ=20
[    2.523727] scsi 2:0:0:0: Direct-Access     VBOX     HARDDISK         1.0  PQ: 0 ANSI: 5
[    2.533857] scsi target2:0:0: Beginning Domain Validation
[    2.541237] scsi target2:0:0: Domain Validation skipping write tests
[    2.544185] scsi target2:0:0: Ending Domain Validation
[    2.546122] scsi target2:0:0: asynchronous
[    2.548797] scsi 2:0:1:0: Direct-Access     VBOX     HARDDISK         1.0  PQ: 0 ANSI: 5
[    2.551678] scsi target2:0:1: Beginning Domain Validation
[    2.575889] scsi target2:0:1: Domain Validation skipping write tests
[    2.577616] scsi target2:0:1: Ending Domain Validation
[    2.579302] scsi target2:0:1: asynchronous
[    2.587970] sd 2:0:0:0: [sda] 20971520 512-byte logical blocks: (10.7 GB/10.0 GiB)
[    2.590329] sd 2:0:0:0: Attached scsi generic sg0 type 0
[    2.591875] sd 2:0:0:0: [sda] Write Protect is off
[    2.592616] sd 2:0:1:0: [sdb] 20480 512-byte logical blocks: (10.5 MB/10.0 MiB)
[    2.592864] sd 2:0:1:0: [sdb] Write Protect is off
[    2.592990] sd 2:0:1:0: [sdb] Incomplete mode parameter data
[    2.592992] sd 2:0:1:0: [sdb] Assuming drive cache: write through
[    2.593839] sd 2:0:1:0: Attached scsi generic sg1 type 0
[    2.601161] sd 2:0:1:0: [sdb] Attached SCSI disk
[    2.603444] sd 2:0:0:0: [sda] Incomplete mode parameter data
[    2.604986] sd 2:0:0:0: [sda] Assuming drive cache: write through
[    2.609113]  sda: sda1
[    2.611620] sd 2:0:0:0: [sda] Attached SCSI disk
Begin: Loading essential drivers ... [    4.177306] md: linear personality registered for level -1
[    4.181230] md: multipath personality registered for level -4
[    4.185023] md: raid0 personality registered for level 0
[    4.190452] md: raid1 personality registered for level 1
[    4.261879] raid6: sse2x1   gen() 10363 MB/s
[    4.329722] raid6: sse2x1   xor()  6684 MB/s
[    4.397495] raid6: sse2x2   gen() 10510 MB/s
[    4.465897] raid6: sse2x2   xor()  9050 MB/s
[    4.533533] raid6: sse2x4   gen() 14394 MB/s
[    4.601500] raid6: sse2x4   xor()  7005 MB/s
[    4.669834] raid6: avx2x1   gen() 18283 MB/s
[    4.737700] raid6: avx2x2   gen() 23849 MB/s
[    4.805530] raid6: avx2x4   gen() 25776 MB/s
[    4.806714] raid6: using algorithm avx2x4 gen() 25776 MB/s
[    4.808100] raid6: using avx2x2 recovery algorithm
[    4.810756] xor: automatically using best checksumming function:
[    4.849937]    avx       : 26343.000 MB/sec
[    4.852573] async_tx: api initialized (async)
[    4.864999] md: raid6 personality registered for level 6
[    4.866671] md: raid5 personality registered for level 5
[    4.868010] md: raid4 personality registered for level 4
[    4.876320] md: raid10 personality registered for level 10
done.
Begin: Running /scripts/init-premount ... done.
Begin: Mounting root file system ... Begin: Running /scripts/local-top ... done.
Begin: Running /scripts/local-premount ... [    4.910343] Btrfs loaded
Scanning for Btrfs filesystems
done.
Warning: fsck not present, so skipping root file system
[    4.949735] EXT4-fs (sda1): mounted filesystem with ordered data mode. Opts: (null)
done.
Begin: Running /scripts/local-bottom ... done.
Begin: Running /scripts/init-bottom ... done.
[    5.061910] systemd[1]: systemd 229 running in system mode. (+PAM +AUDIT +SELINUX +IMA +APPARMOR +SMACK +SYSVINIT +UTMP +LIBCRYPTSETUP +GCRYPT +GNUTLS +ACL +XZ -LZ4 +SECCOMP +BLKID +ELFUTILS +KMOD -IDN)
[    5.066227] systemd[1]: Detected virtualization oracle.
[    5.067701] systemd[1]: Detected architecture x86-64.

Welcome to [1mUbuntu 16.04.6 LTS[0m!

[    5.073231] systemd[1]: Set hostname to <ubuntu>.
[    5.077293] systemd[1]: Initializing machine ID from random generator.
[    5.078988] systemd[1]: Installed transient /etc/machine-id file.
[    5.295027] systemd[1]: Started Trigger resolvconf update for networkd DNS.
[[0;32m  OK  [0m] Started Trigger resolvconf update for networkd DNS.
[    5.298123] systemd[1]: Reached target System Time Synchronized.
[[0;32m  OK  [0m] Reached target System Time Synchronized.
[    5.300913] systemd[1]: Listening on Journal Audit Socket.
[[0;32m  OK  [0m] Listening on Journal Audit Socket.
[    5.303433] systemd[1]: Listening on Device-mapper event daemon FIFOs.
[[0;32m  OK  [0m] Listening on Device-mapper event daemon FIFOs.
[    5.306374] systemd[1]: Reached target Swap.
[[0;32m  OK  [0m] Reached target Swap.
[    5.308444] systemd[1]: Listening on udev Kernel Socket.
[[0;32m  OK  [0m] Listening on udev Kernel Socket.
[    5.311295] systemd[1]: Created slice User and Session Slice.
[[0;32m  OK  [0m] Created slice User and Session Slice.
[    5.314227] systemd[1]: Listening on Journal Socket.
[[0;32m  OK  [0m] Listening on Journal Socket.
[    5.316701] systemd[1]: Reached target User and Group Name Lookups.
[[0;32m  OK  [0m] Reached target User and Group Name Lookups.
[    5.319692] systemd[1]: Listening on LVM2 poll daemon socket.
[[0;32m  OK  [0m] Listening on LVM2 poll daemon socket.
[    5.323018] systemd[1]: Listening on /dev/initctl Compatibility Named Pipe.
[[0;32m  OK  [0m] Listening on /dev/initctl Compatibility Named Pipe.
[    5.326311] systemd[1]: Reached target Encrypted Volumes.
[[0;32m  OK  [0m] Reached target Encrypted Volumes.
[    5.329625] systemd[1]: Listening on LVM2 metadata daemon socket.
[[0;32m  OK  [0m] Listening on LVM2 metadata daemon socket.
[    5.333383] systemd[1]: Listening on udev Control Socket.
[[0;32m  OK  [0m] Listening on udev Control Socket.
[    5.342372] systemd[1]: Listening on Journal Socket (/dev/log).
[[0;32m  OK  [0m] Listening on Journal Socket (/dev/log).
[    5.345891] systemd[1]: Created slice System Slice.
[[0;32m  OK  [0m] Created slice System Slice.
[    5.365764] systemd[1]: Starting Create list of required static device nodes for the current kernel...
         Starting Create list of required st... nodes for the current kernel...
[    5.372451] systemd[1]: Reached target Slices.
[[0;32m  OK  [0m] Reached target Slices.
[    5.377179] systemd[1]: Mounting POSIX Message Queue File System...
         Mounting POSIX Message Queue File System...
[    5.382892] systemd[1]: Created slice system-serial\x2dgetty.slice.
[[0;32m  OK  [0m] Created slice system-serial\x2dgetty.slice.
[    5.387996] systemd[1]: Mounting Huge Pages File System...
         Mounting Huge Pages File System...
[    5.392723] systemd[1]: Starting Nameserver information manager...
         Starting Nameserver information manager...
[    5.397594] systemd[1]: Starting Set console keymap...
         Starting Set console keymap...
[    5.402215] systemd[1]: Starting Monitoring of LVM2 mirrors, snapshots etc. using dmeventd or progress polling...
         Starting Monitoring of LVM2 mirrors... dmeventd or progress polling...
[    5.410361] systemd[1]: Mounting Debug File System...
         Mounting Debug File System...
[    5.427859] systemd[1]: Starting Load Kernel Modules...
         Starting Load Kernel Modules...
[    5.431580] systemd[1]: Listening on Syslog Socket.
[[0;32m  OK  [0m] Listening on Syslog Socket.
[    5.435973] systemd[1]: Starting Journal Service...
         Starting Journal Service...
[    5.439081] systemd[1]: Set up automount Arbitrary Executable File Formats File System Automount Point.
[[0;32m  OK  [0m] Set up automount Arbitrary Executab...ats File System Automount Point.
[    5.455967] systemd[1]: Started Forward Password Requests to Wall Directory Watch.
[[0;32m  OK  [0m] Started Forward Password Requests to Wall Directory Watch.
[    5.474288] Loading iSCSI transport class v2.0-870.
[    5.489382] iscsi: registered transport (tcp)
[    5.493848] systemd[1]: Starting Remount Root and Kernel File Systems...
         Starting Remount Root and Kernel File Systems...
[    5.499815] systemd[1]: Starting Uncomplicated firewall...
         Starting Uncomplicated firewall...
[    5.510418] EXT4-fs (sda1): re-mounted. Opts: (null)
[    5.513326] systemd[1]: Mounted Huge Pages File System.
[[0;32m  OK  [0m] Mounted Huge Pages File System.
[    5.520272] systemd[1]: Mounted POSIX Message Queue File System.
[[0;32m  OK  [0m] Mounted POSIX Message Queue File System.
[    5.529798] systemd[1]: Mounted Debug File System.
[[0;32m  OK  [0m] Mounted Debug File System.
[    5.541846] systemd[1]: Started Create list of required static device nodes for the current kernel.
[[0;32m  OK  [0m] Started Create list of required sta...ce nodes for the current kernel.
[    5.570657] systemd[1]: Started Remount Root and Kernel File Systems.
[[0;32m  OK  [0m] Started Remount Root and Kernel File Systems.
[    5.586372] systemd[1]: Started Uncomplicated firewall.
[[0;32m  OK  [0m] Started Uncomplicated firewall.
[    5.592666] systemd[1]: Started Nameserver information manager.
[[0;32m  OK  [0m] Started Nameserver information manager.
[    5.597141] systemd[1]: Started Set console keymap.
[[0;32m  OK  [0m] Started Set console keymap.
[    5.605095] systemd[1]: Started Journal Service.
[[0;32m  OK  [0m] Started Journal Service.
[    5.619167] iscsi: registered transport (iser)
[[0;32m  OK  [0m] Started Load Kernel Modules.
         Starting Apply Kernel Variables...
         Mounting FUSE Control File System...
[[0;32m  OK  [0m] Started LVM2 metadata daemon.
         Starting Load/Save Random Seed...
         Starting Flush Journal to Persistent Storage...
         Starting udev Coldplug all Devices...
         Starting Create Static Device Nodes in /dev...
[[0;32m  OK  [0m] Mounted FUSE Control File System.
[[0;32m  OK  [0m] Started Apply Kernel Variables.
[[0;32m  OK  [0m] Started Load/Save Random Seed.
[[0;32m  OK  [0m] Started Create Static Device Nodes in /dev.
[[0;32m  OK  [0m] Started Flush Journal to Persistent Storage.
[[0;32m  OK  [0m] Started udev Coldplug all Devices.
         Starting udev Kernel Device Manager...
[[0;32m  OK  [0m] Started udev Kernel Device Manager.
[[0;32m  OK  [0m] Started Dispatch Password Requests to Console Directory Watch.
[[0;32m  OK  [0m] Found device /dev/ttyS0.
[[0;32m  OK  [0m] Started Monitoring of LVM2 mirrors,...ng dmeventd or progress polling.
[[0;32m  OK  [0m] Reached target Local File Systems (Pre).
[[0;32m  OK  [0m] Reached target Local File Systems.
         Starting Tell Plymouth To Write Out Runtime Data...
         Starting Set console font and keymap...
         Starting LSB: AppArmor initialization...
         Starting Create Volatile Files and Directories...
         Starting Commit a transient machine-id on disk...
         Starting Initial cloud-init job (pre-networking)...
[[0;32m  OK  [0m] Started Tell Plymouth To Write Out Runtime Data.
[[0;32m  OK  [0m] Started Create Volatile Files and Directories.
[[0;32m  OK  [0m] Started Commit a transient machine-id on disk.
         Starting Update UTMP about System Boot/Shutdown...
[[0;32m  OK  [0m] Listening on Load/Save RF Kill Switch Status /dev/rfkill Watch.
[[0;32m  OK  [0m] Started Update UTMP about System Boot/Shutdown.
[    7.914511] cloud-init[534]: Cloud-init v. 19.1-1-gbaa47854-0ubuntu1~16.04.1 running 'init-local' at Fri, 23 Aug 2019 11:51:08 +0000. Up 7.04 seconds.
[[0;32m  OK  [0m] Started Initial cloud-init job (pre-networking).
[[0;32m  OK  [0m] Reached target Network (Pre).
[[0;32m  OK  [0m] Started Set console font and keymap.
[[0;32m  OK  [0m] Created slice system-getty.slice.
[[0;32m  OK  [0m] Started LSB: AppArmor initialization.
         Starting Raise network interfaces...
[[0;32m  OK  [0m] Started Raise network interfaces.
[[0;32m  OK  [0m] Reached target Network.
         Starting Initial cloud-init job (metadata service crawler)...
[   10.247534] cloud-init[974]: Cloud-init v. 19.1-1-gbaa47854-0ubuntu1~16.04.1 running 'init' at Fri, 23 Aug 2019 11:51:11 +0000. Up 9.54 seconds.
[   10.256950] cloud-init[974]: ci-info: ++++++++++++++++++++++++++++++++++++++Net device info+++++++++++++++++++++++++++++++++++++++
[   10.258687] cloud-init[974]: ci-info: +--------+-------+----------------------------+---------------+--------+-------------------+
[   10.264718] cloud-init[974]: ci-info: | Device |   Up  |          Address           |      Mask     | Scope  |     Hw-Address    |
[   10.272528] cloud-init[974]: ci-info: +--------+-------+----------------------------+---------------+--------+-------------------+
[   10.281393] cloud-init[974]: ci-info: | enp0s3 |  True |         10.0.2.15          | 255.255.255.0 | global | 02:6a:5b:40:72:6f |
[   10.289707] cloud-init[974]: ci-info: | enp0s3 |  True | fe80::6a:5bff:fe40:726f/64 |       .       |  link  | 02:6a:5b:40:72:6f |
[   10.290890] cloud-init[974]: ci-info: | enp0s8 | False |             .              |       .       |   .    | 08:00:27:be:37:0d |
[   10.296918] cloud-init[974]: ci-info: |   lo   |  True |         127.0.0.1          |   255.0.0.0   |  host  |         .         |
[   10.305193] cloud-init[974]: ci-info: |   lo   |  True |          ::1/128           |       .       |  host  |         .         |
[   10.306578] cloud-init[974]: ci-info: +--------+-------+----------------------------+---------------+--------+-------------------+
[   10.307849] cloud-init[974]: ci-info: +++++++++++++++++++++++++++Route IPv4 info++++++++++++++++++++++++++++
[   10.309679] cloud-init[974]: ci-info: +-------+-------------+----------+---------------+-----------+-------+
[   10.311711] cloud-init[974]: ci-info: | Route | Destination | Gateway  |    Genmask    | Interface | Flags |
[   10.320677] [[0;32m  OK  [0m] Started Initial cloud-init job (metadata service crawler).
cloud-init[974]: [[0;32m  OK  [0m] Reached target Network is Online.
ci-info: +-------+-------------+----------+---------------+-----------+-------+
[   10.333160]          Starting iSCSI initiator daemon (iscsid)...
[[0;32m  OK  [0m] Reached target Cloud-config availability.
[[0;32m  OK  [0m] Reached target System Initialization.
[[0;32m  OK  [0m] Listening on D-Bus System Message Bus Socket.
[[0;32m  OK  [0m] Listening on ACPID Listen Socket.
[[0;32m  OK  [0m] Started Daily apt download activities.
[[0;32m  OK  [0m] Started Daily apt upgrade and clean activities.
         Starting Socket activation for snappy daemon.
cloud-init[974]: ci-info: |   0   |   0.0.0.0   | 10.0.2.2 |    0.0.0.0    |   enp0s3  |   UG  |
[   10.341816] [[0;32m  OK  [0m] Listening on UUID daemon activation socket.
[[0;32m  OK  [0m] Started Daily Cleanup of Temporary Directories.
cloud-init[974]: ci-info: |   1   |   10.0.2.0  | 0.0.0.0  | 255.255.255.0 |   enp0s3  |   U   |
[   10.344905] [[0;32m  OK  [0m] Reached target Timers.
cloud-init[974]:          Starting LXD - unix socket.
ci-info: +-------+-------------+----------+---------------+-----------+-------+
[   10.348342] [[0;32m  OK  [0m] Started ACPI Events Check.
[[0;32m  OK  [0m] Reached target Paths.
[[0;32m  OK  [0m] Listening on Socket activation for snappy daemon.
[[0;32m  OK  [0m] Listening on LXD - unix socket.
cloud-init[974]: ci-info: +++++++++++++++++++Route IPv6 info+++++++++++++++++++
[   10.353606] cloud-init[974]: ci-info: +-------+-------------+---------+-----------+-------+
[   10.355086] cloud-init[974]: ci-info: | Route | Destination | Gateway | Interface | Flags |
[   10.364253] cloud-init[974]: ci-info: +-------+-------------+---------+-----------+-------+
[   10.366813] cloud-init[974]: ci-info: |   0   |  fe80::/64  |    ::   |   enp0s3  |   U   |
[[0;32m  OK  [0m] Reached target Sockets.
[[0;32m  OK  [0m] Reached target Basic System.
[   10.374797] cloud-init[974]: ci-info: |   3   |   ff00::/8  |    ::   |   enp0s3  |   U   |
[   10.379401] cloud-init[974]: ci-info: +-------+-------------+---------+-----------+-------+
[   10.381415] cloud-init[974]: Generating public/private rsa key pair.
[   10.382711] cloud-init[974]: Your identification has been saved in /etc/ssh/ssh_host_rsa_key.
[   10.384321] cloud-init[974]: Your public key has been saved in /etc/ssh/ssh_host_rsa_key.pub.
[   10.385911] cloud-init[974]: The key fingerprint is:
[   10.395435]          Starting /etc/rc.local Compatibility...
cloud-init[974]: SHA256:D6iW9jIEoKzCtsFt4wFT56A9G+zfyM+97nKTylmIyMk root@ubuntu-xenial
[   10.398530] cloud-init[[0;32m  OK  [0m] Started FUSE filesystem for LXC.
[974]: The key's randomart image is:
[   10.402271]          Starting LSB: Record successful boot for GRUB...
cloud-init[974]: +---[RSA 2048]----+
         Starting System Logging Service...
[   10.406786]          Starting Virtualbox guest utils...
[[0;32m  OK  [0m] Started D-Bus System Message Bus.
cloud-init[974]: |                 |
[   10.421765] cloud-init[974]: |.  o .           |
[   10.423330] cloud-init[974]: |o.= +            |
[   10.424729] cloud-init[974]: |.=.= . .         |
[   10.425962] cloud-init[974]: |+ =.+ . S        |
[   10.427673] cloud-init[974]: |o=oB+o. .o       |
[   10.429391] cloud-init[974]: |o =EX.o. .o      |
[   10.430811] cloud-init[974]: | . +o=oo++       |
[   10.432087] cloud-init[974]: |     oo**=o      |
[   10.433702] cloud-init[974]: +----[SHA256]-----+
[   10.435261] cloud-init[974]: Generating public/private dsa key pair.
[   10.437122] cloud-init[974]: Your identification has been saved in /etc/ssh/ssh_host_dsa_key.
[   10.439187] cloud-init[974]: Your public key has been saved in /etc/ssh/ssh_host_dsa_key.pub.
[   10.440746] cloud-init[974]: The key fingerprint is:
[   10.441887] cloud-init[974]: SHA256:Irhrv21X8xmQxFJd4ZblEvRd7etjNE8OdapslIsPM7k root@ubuntu-xenial
[   10.444625] cloud-init[974]: The key's randomart image is:
[   10.445910] cloud-init[974]: +---[DSA 1024]----+
[   10.448039] cloud-init[974]: |         o.. o=.+|
[   10.449313] cloud-init[974]: |        . o .. *+|
[   10.450611] cloud-init[974]: |         o .  =.+|
[   10.451835] cloud-init[974]: |   .      o  . .+|
[   10.453161] cloud-init[974]: |  . . . S  . . oo|
[   10.454384] cloud-init[974]: |   . . .  o.+ o+.|
[   10.455578] cloud-init[974]: |  .      .=* =o+o|
[   10.457058] cloud-init[974]: |  .. .. . .=B  +o|
[   10.458645] cloud-init[974]: | ...oo..  Eo. . .|
[   10.459862] cloud-init[974]: +----[SHA256]-----+
[   10.461155] cloud-init[974]: Generating public/private ecdsa key pair.
[   10.462721] cloud-init[974]: Your identification has been saved in /etc/ssh/ssh_host_ecdsa_key.
[   10.464710] cloud-init[974]: Your public key has been saved in /etc/ssh/ssh_host_ecdsa_key.pub.
[   10.466881] cloud-init[974]: The key fingerprint is:
[   10.468239] cloud-init[974]: SHA256:6U5Xr5bPUizNGErQRhAe4LJLZkj2ZypUEsjg+UtR6D0 root@ubuntu-xenial
[   10.470451] cloud-init[974]: The key's randomart image is:
[   10.472400] cloud-init[974]: +---[ECDSA 256]---+
[   10.474017] cloud-init[974]: |+.. ....+=.      |
[   10.475248] cloud-init[974]: |o..o.. ...o      |
[   10.476428] cloud-init[974]: | o=.+ . .o       |
[   10.477740] cloud-init[974]: | o.*.E   .. .    |
[   10.478878] cloud-init[974]: |  oo* + S. ..*   |
[   10.480041] cloud-init[974]: | ..+.= .  ..o.=  |
[   10.481216] cloud-init[974]: |  ..o   o .  +.  |
[   10.482185] cloud-init[974]: |   .   o .  +o   |
[   10.483150] cloud-init[974]: |        .  ..oo  |
[   10.484402] cloud-init[974]: +----[SHA256]-----+
[   10.485519] cloud-init[974]: Generating public/private ed25519 key pair.
[   10.492934] [[0;32m  OK  [0m] Started Regular background program processing daemon.
         Starting LXD - container startup/shutdown...
cloud-init[974]: Your identification has been saved in /etc/ssh/ssh_host_ed25519_key.         Starting Pollinate to seed the pseudo random number generator...
[[0;32m  OK  [0m] Started ACPI event daemon.
         Starting Login Service...
         Starting LSB: MD monitoring daemon...
[[0;32m  OK  [0m] Started Deferred execution scheduler.
         Starting Accounts Service...

[   10.513874] cloud-init[974]: Your public key has been saved in /etc/ssh/ssh_host_ed25519_key.pub.         Starting Snappy daemon...

[   10.518234] cloud-init[[0;32m  OK  [0m] Started System Logging Service.
[[0;32m  OK  [0m] Started /etc/rc.local Compatibility.
[974]: The key fingerprint is:
[   10.528344] cloud-init[[0;32m  OK  [0m] Started iSCSI initiator daemon (iscsid).
[974]: SHA256:NW0lD4zqqawHaMJUiRuotQi9IL+gma7eunrll0C+wMI root@ubuntu-xenial
[   10.546474] cloud-init[974]: The key's randomart image is:
[   10.548866] cloud-init[974]: +--[ED25519 256]--+
[   10.552622] cloud-init[974]: |... .      oo .  |
[   10.554957] cloud-init[974]: |=ooo      ...=   |
[   10.561102] cloud-init[974]: |+=+o     .o o .  |
[   10.563850] cloud-init[974]: |+o+ .   .. o     |
[   10.567696] cloud-init[974]: |== =   .S.       |
[   10.573698] cloud-init[974]: |*E* =   o        |
[   10.575432] cloud-init[974]: |.+ + = o         |
[   10.578379] cloud-init[974]: | .o o *          |
[   10.584046] cloud-init[974]: |*=o..+           |
[   10.589531] cloud-init[974]: +----[SHA256]-----+
[[0;32m  OK  [0m] Started LSB: Record successful boot for GRUB.
         Starting Login to default iSCSI targets...
[[0;32m  OK  [0m] Started Login Service.
[[0;32m  OK  [0m] Started Unattended Upgrades Shutdown.
[[0;32m  OK  [0m] Started LSB: MD monitoring daemon.
[[0;32m  OK  [0m] Started Login to default iSCSI targets.
[[0;32m  OK  [0m] Reached target Remote File Systems (Pre).
[[0;32m  OK  [0m] Reached target Remote File Systems.
         Starting LSB: daemon to balance interrupts for SMP systems...
         Starting LSB: automatic crash report generation...
         Starting Permit User Sessions...
         Starting LSB: Set the CPU Frequency Scaling governor to "ondemand"...
[[0;32m  OK  [0m] Started Permit User Sessions.
         Starting Authenticate and Authorize Users to Run Privileged Tasks...
         Starting Hold until boot process finishes up...
         Starting Terminate Plymouth Boot Screen...
[[0;32m  OK  [0m] Started LSB: Set the CPU Frequency Scaling governor to "ondemand".
[[0;32m  OK  [0m] Started Hold until boot process finishes up.
[[0;32m  OK  [0m] Started Terminate Plymouth Boot Screen.
[[0;32m  OK  [0m] Started Serial Getty on ttyS0.
[[0;32m  OK  [0m] Started Getty on tty1.
[[0;32m  OK  [0m] Reached target Login Prompts.
         Starting Set console scheme...
[[0;32m  OK  [0m] Started Virtualbox guest utils.
[[0;32m  OK  [0m] Started LSB: automatic crash report generation.
[[0;32m  OK  [0m] Started Set console scheme.
[[0;32m  OK  [0m] Started Authenticate and Authorize Users to Run Privileged Tasks.
[[0;32m  OK  [0m] Started LSB: daemon to balance interrupts for SMP systems.
[[0;32m  OK  [0m] Started Accounts Service.
[[0;32m  OK  [0m] Started LXD - container startup/shutdown.
[[0;32m  OK  [0m] Started Snappy daemon.
         Starting Wait until snapd is fully seeded...
[[0;32m  OK  [0m] Started Pollinate to seed the pseudo random number generator.
         Starting OpenBSD Secure Shell server...
[[0;32m  OK  [0m] Started OpenBSD Secure Shell server.
[[0;32m  OK  [0m] Started Wait until snapd is fully seeded.
         Starting Apply the settings specified in cloud-config...
[[0;32m  OK  [0m] Reached target Multi-User System.
[[0;32m  OK  [0m] Reached target Graphical Interface.
         Starting Update UTMP about System Runlevel Changes...
[[0;32m  OK  [0m] Started Update UTMP about System Runlevel Changes.
[[0;32m  OK  [0m] Created slice User Slice of vagrant.
         Starting User Manager for UID 1000...
[[0;32m  OK  [0m] Started Session 1 of user vagrant.
[   12.427027] cloud-init[1338]: Generating locales (this might take a while)...
[[0;32m  OK  [0m] Started User Manager for UID 1000.
[   14.277763] cloud-init[1338]:   en_US.UTF-8... done
[   14.284521] cloud-init[1338]: Generation complete.
[   14.779806] cloud-init[1338]: Cloud-init v. 19.1-1-gbaa47854-0ubuntu1~16.04.1 running 'modules:config' at Fri, 23 Aug 2019 11:51:13 +0000. Up 12.25 seconds.
[[0;32m  OK  [0m] Started Apply the settings specified in cloud-config.
         Starting Execute cloud user/final scripts...
ci-info: no authorized ssh keys fingerprints found for user ubuntu.
<14>Aug 23 11:51:17 ec2: 
<14>Aug 23 11:51:17 ec2: #############################################################
<14>Aug 23 11:51:17 ec2: -----BEGIN SSH HOST KEY FINGERPRINTS-----
<14>Aug 23 11:51:17 ec2: 1024 SHA256:Irhrv21X8xmQxFJd4ZblEvRd7etjNE8OdapslIsPM7k root@ubuntu-xenial (DSA)
<14>Aug 23 11:51:17 ec2: 256 SHA256:6U5Xr5bPUizNGErQRhAe4LJLZkj2ZypUEsjg+UtR6D0 root@ubuntu-xenial (ECDSA)
<14>Aug 23 11:51:17 ec2: 256 SHA256:NW0lD4zqqawHaMJUiRuotQi9IL+gma7eunrll0C+wMI root@ubuntu-xenial (ED25519)
<14>Aug 23 11:51:17 ec2: 2048 SHA256:D6iW9jIEoKzCtsFt4wFT56A9G+zfyM+97nKTylmIyMk root@ubuntu-xenial (RSA)
<14>Aug 23 11:51:17 ec2: -----END SSH HOST KEY FINGERPRINTS-----
<14>Aug 23 11:51:17 ec2: #############################################################
-----BEGIN SSH HOST KEY KEYS-----
ecdsa-sha2-nistp256 AAAAE2VjZHNhLXNoYTItbmlzdHAyNTYAAAAIbmlzdHAyNTYAAABBBJXs9enJBABmF3nNLceG7pmx4w54voqZnAzu5B9sJ24i5/Zdtgc+kzwhU0rp7NMHKqZXPycFw/FuOoAO9eNbraA= root@ubuntu-xenial
ssh-ed25519 AAAAC3NzaC1lZDI1NTE5AAAAILS3u73dOtvsoDir4AcIsFGcicufUC2o4PmIXQjd4+5t root@ubuntu-xenial
ssh-rsa AAAAB3NzaC1yc2EAAAADAQABAAABAQCv6MnJYUk8JDWxHCHuiXOWVbJnVUlJLV/XowQ4Y+i3tam1Q4SEzGXmRpqfrN9upUqGto4AJgP/YHgtWqjQYVCyryVm8/6j2VGgovR7krAQvrf5EjeYriYS9/BcjeWG9Oxn0x+1COFP+x/xFTTpXu0RcOSNgTQoky9nTj6arkQTnUTlRYo/Atw+tk/ArRqCtuJHprIT7SAd1RwCPpf74c8aDc1mQN9p/pbL7datd99s+AjRjRowijGS/6oQ29TdUyO+AcFN4PapfFn+RM/regq+DSWKxDElICSparNV/QNksAB51qZXhflkT3KbXj0O6Ze87LvFFN7/ctGllafwly8B root@ubuntu-xenial
-----END SSH HOST KEY KEYS-----
[   15.591329] cloud-init[1509]: Cloud-init v. 19.1-1-gbaa47854-0ubuntu1~16.04.1 running 'modules:final' at Fri, 23 Aug 2019 11:51:17 +0000. Up 15.34 seconds.
[   15.594749] cloud-init[1509]: ci-info: no authorized ssh keys fingerprints found for user ubuntu.
[   15.597564] cloud-init[1509]: Cloud-init v. 19.1-1-gbaa47854-0ubuntu1~16.04.1 finished at Fri, 23 Aug 2019 11:51:17 +0000. Datasource DataSourceNoCloud [seed=/dev/sdb][dsmode=net].  Up 15.57 seconds
[[0;32m  OK  [0m] Started Execute cloud user/final scripts.
[[0;32m  OK  [0m] Reached target Cloud-init target.

Ubuntu 16.04.6 LTS ubuntu-xenial ttyS0

ubuntu-xenial login: 